<?xml version="1.0" encoding="UTF-8"?>
<!-- Generated by org.testng.reporters.JUnitXMLReporter -->
<testsuite hostname="LAPTOP-CGU3Q52G" ignored="0" name="用户接口测试用例" tests="3" failures="0" timestamp="12 八月 2018 08:32:01 GMT" time="3.101" errors="0">
  <testcase name="loginSuccess" time="0.944" classname="com.planet.test.cases.LoginTest"/>
  <testcase name="loginFail" time="0.039" classname="com.planet.test.cases.LoginTest"/>
  <testcase name="getUserListInfo" time="2.067" classname="com.planet.test.cases.GetUserInfoListTest"/>
</testsuite> <!-- 用户接口测试用例 -->
